2018-08-17 08:57:03 INFO  DemoOne:33 - Hello here
2018-08-17 08:57:03 INFO  DemoTwo:33 - Hello here
2018-08-17 08:57:03 INFO  DemoThree:33 - Hello here
2018-08-17 11:04:58 INFO  DemoOne:48 - Hello here 1
2018-08-17 11:04:59 INFO  DemoTwo:48 - Hello here 2
2018-08-17 11:04:59 INFO  DemoThree:48 - Hello here 3
2018-08-17 11:06:06 INFO  DemoOne:48 - Hello here 1
2018-08-17 11:06:06 INFO  DemoTwo:48 - Hello here 2
2018-08-17 11:06:06 INFO  DemoThree:48 - Hello here 3
2018-08-17 11:06:17 INFO  DemoOne:48 - Hello here 1
2018-08-17 11:06:17 INFO  DemoTwo:48 - Hello here 2
2018-08-17 11:06:17 INFO  DemoThree:48 - Hello here 3
2018-08-17 11:18:37 INFO  DemoOne:48 - Hello here 1
2018-08-17 11:18:38 INFO  DemoTwo:48 - Hello here 2
2018-08-17 11:18:38 INFO  DemoThree:48 - Hello here 3
2018-08-17 11:37:51 INFO  DemoOne:48 - Hello here 1
2018-08-17 11:37:51 ERROR DemoOne:53 - Hello here 1
2018-08-17 11:37:51 ERROR DemoTwo:53 - Hello here 2
2018-08-17 11:37:51 INFO  DemoTwo:48 - Hello here 2
2018-08-17 11:37:51 ERROR DemoThree:53 - Hello here 3
2018-08-17 11:37:51 INFO  DemoThree:48 - Hello here 3
2018-08-17 12:22:53 INFO  DemoOne:42 - Hello here 1
2018-08-17 12:22:53 ERROR DemoOne:47 - Hello here 1
2018-08-17 12:22:53 ERROR DemoTwo:47 - Hello here 
2018-08-17 12:22:53 INFO  DemoTwo:42 - Hello here 2
2018-08-17 12:22:53 ERROR DemoThree:47 - Hello here 3
2018-08-17 12:22:53 INFO  DemoThree:42 - Hello here 3
2018-08-17 12:26:01 INFO  DemoOne:34 - Hello here 1
2018-08-17 12:26:01 ERROR DemoOne:39 - Hello here 1
2018-08-17 12:26:02 ERROR DemoTwo:39 - Hello here 
2018-08-17 12:26:02 INFO  DemoTwo:34 - Hello here 2
2018-08-17 12:26:02 ERROR DemoThree:39 - Hello here 3
2018-08-17 12:26:02 INFO  DemoThree:34 - Hello here 3
2018-08-17 12:46:20 INFO  DemoOne:34 - Hello here 1
2018-08-17 12:46:20 ERROR DemoOne:39 - Hello here 1
2018-08-17 12:46:20 ERROR DemoTwo:39 - Hello here 
2018-08-17 12:46:20 INFO  DemoTwo:34 - Hello here 2
2018-08-17 12:46:20 ERROR DemoThree:39 - Hello here 3
2018-08-17 12:46:20 INFO  DemoThree:34 - Hello here 3
2018-08-17 12:48:42 INFO  DemoOne:34 - Hello here 1
2018-08-17 12:48:42 ERROR DemoOne:39 - Hello here 1
2018-08-17 12:48:42 ERROR DemoTwo:39 - Hello here 
2018-08-17 12:48:42 INFO  DemoTwo:34 - Hello here 2
2018-08-17 12:48:42 ERROR DemoThree:39 - Hello here 3
2018-08-17 12:48:42 INFO  DemoThree:34 - Hello here 3
2018-08-17 12:51:21 INFO  DemoOne:34 - Hello here 1
2018-08-17 12:51:21 ERROR DemoOne:39 - Hello here 1
2018-08-17 12:51:22 ERROR DemoTwo:39 - Hello here 
2018-08-17 12:51:22 INFO  DemoTwo:34 - Hello here 2
2018-08-17 12:51:22 ERROR DemoThree:39 - Hello here 3
2018-08-17 12:51:22 INFO  DemoThree:34 - Hello here 3
2018-08-17 12:53:26 INFO  DemoOne:34 - Hello here 1
2018-08-17 12:53:26 ERROR DemoOne:39 - Hello here 1
2018-08-17 12:53:26 ERROR DemoTwo:39 - Hello here 
2018-08-17 12:53:26 INFO  DemoTwo:34 - Hello here 2
2018-08-17 12:53:26 ERROR DemoThree:39 - Hello here 3
2018-08-17 12:53:26 INFO  DemoThree:34 - Hello here 3
2018-08-17 13:44:20 INFO  DemoOne:36 - Hello here 1
2018-08-17 13:44:20 ERROR DemoOne:43 - Hello here 1
2018-08-17 13:44:20 ERROR DemoTwo:43 - Hello here 
2018-08-17 13:44:20 INFO  DemoTwo:36 - Hello here 2
2018-08-17 13:44:20 ERROR DemoThree:43 - Hello here 3
2018-08-17 13:44:20 INFO  DemoThree:36 - Hello here 3
2018-08-17 13:46:08 INFO  DemoOne:36 - Hello here 1
2018-08-17 13:46:08 ERROR DemoOne:43 - Hello here 1
2018-08-17 13:46:08 ERROR DemoTwo:43 - Hello here 
2018-08-17 13:46:08 INFO  DemoTwo:36 - Hello here 2
2018-08-17 13:46:08 ERROR DemoThree:43 - Hello here 3
2018-08-17 13:46:08 INFO  DemoThree:36 - Hello here 3
2018-08-17 13:51:07 INFO  DemoOne:36 - Hello here 1
2018-08-17 13:51:07 ERROR DemoOne:43 - Hello here 1
2018-08-17 13:51:07 ERROR DemoTwo:43 - Hello here 
2018-08-17 13:51:07 INFO  DemoTwo:36 - Hello here 2
2018-08-17 13:51:07 ERROR DemoThree:43 - Hello here 3
2018-08-17 13:51:07 INFO  DemoThree:36 - Hello here 3
2018-08-17 13:53:03 INFO  DemoOne:36 - Hello here 1
2018-08-17 13:53:03 ERROR DemoOne:43 - Hello here 1
2018-08-17 13:53:03 ERROR DemoTwo:43 - Hello here 
2018-08-17 13:53:03 INFO  DemoTwo:36 - Hello here 2
2018-08-17 13:53:03 ERROR DemoThree:43 - Hello here 3
2018-08-17 13:53:03 INFO  DemoThree:36 - Hello here 3
2018-08-17 13:54:39 INFO  DemoOne:36 - Hello here 1
2018-08-17 13:54:39 ERROR DemoOne:43 - Hello here 1
2018-08-17 13:54:39 ERROR DemoTwo:43 - Hello here 
2018-08-17 13:54:39 INFO  DemoTwo:36 - Hello here 2
2018-08-17 13:54:39 ERROR DemoThree:43 - Hello here 3
2018-08-17 13:54:39 INFO  DemoThree:36 - Hello here 3
2018-08-17 13:55:12 INFO  DemoOne:36 - Hello here 1
2018-08-17 13:55:12 ERROR DemoOne:43 - Hello here 1
2018-08-17 13:55:12 ERROR DemoTwo:43 - Hello here 
2018-08-17 13:55:12 INFO  DemoTwo:36 - Hello here 2
2018-08-17 13:55:12 ERROR DemoThree:43 - Hello here 3
2018-08-17 13:55:12 INFO  DemoThree:36 - Hello here 3
2018-08-17 13:55:16 INFO  DemoOne:36 - Hello here 1
2018-08-17 13:55:16 ERROR DemoOne:43 - Hello here 1
2018-08-17 13:55:17 ERROR DemoTwo:43 - Hello here 
2018-08-17 13:55:17 INFO  DemoTwo:36 - Hello here 2
2018-08-17 13:55:17 ERROR DemoThree:43 - Hello here 3
2018-08-17 13:55:17 INFO  DemoThree:36 - Hello here 3
2018-08-17 13:55:58 INFO  DemoOne:36 - Hello here 1
2018-08-17 13:55:58 ERROR DemoOne:43 - Hello here 1
2018-08-17 13:55:58 ERROR DemoTwo:43 - Hello here 
2018-08-17 13:55:58 INFO  DemoTwo:36 - Hello here 2
2018-08-17 13:55:58 ERROR DemoThree:43 - Hello here 3
2018-08-17 13:55:58 INFO  DemoThree:36 - Hello here 3
2018-08-17 13:58:49 INFO  DemoOne:36 - Hello here 1
2018-08-17 13:58:49 ERROR DemoOne:43 - Hello here 1
2018-08-17 13:58:49 ERROR DemoTwo:43 - Hello here 
2018-08-17 13:58:49 INFO  DemoTwo:36 - Hello here 2
2018-08-17 13:58:49 ERROR DemoThree:43 - Hello here 3
2018-08-17 13:58:49 INFO  DemoThree:36 - Hello here 3
2018-08-17 14:08:16 INFO  DemoOne:36 - Hello here 1
2018-08-17 14:08:16 ERROR DemoOne:43 - Hello here 1
2018-08-17 14:08:16 ERROR DemoTwo:43 - Hello here 
2018-08-17 14:08:16 INFO  DemoTwo:36 - Hello here 2
2018-08-17 14:08:17 ERROR DemoThree:43 - Hello here 3
2018-08-17 14:08:17 INFO  DemoThree:36 - Hello here 3
2018-08-18 09:33:11 INFO  EnrollAPI:36 - 1
2018-08-18 09:33:11 INFO  EnrollAPI:36 - 2
2018-08-18 09:33:11 INFO  EnrollAPI:36 - 3
2018-08-18 09:33:11 INFO  RevokeAPI:36 - 1
2018-08-18 09:33:11 INFO  RevokeAPI:36 - 2
2018-08-18 09:33:11 INFO  RevokeAPI:36 - 3
2018-08-18 09:33:11 INFO  ReplaceAPI:36 - 1
2018-08-18 09:33:11 INFO  ReplaceAPI:36 - 2
2018-08-18 09:33:11 INFO  ReplaceAPI:36 - 3
2018-08-18 09:42:33 INFO  EnrollAPI:36 - 1
2018-08-18 09:42:33 INFO  EnrollAPI:36 - 2
2018-08-18 09:42:33 INFO  EnrollAPI:36 - 3
2018-08-18 09:42:33 INFO  RevokeAPI:36 - 1
2018-08-18 09:42:33 INFO  RevokeAPI:36 - 2
2018-08-18 09:42:33 INFO  RevokeAPI:36 - 3
2018-08-18 09:42:33 INFO  ReplaceAPI:36 - 1
2018-08-18 09:42:33 INFO  ReplaceAPI:36 - 2
2018-08-18 09:42:33 INFO  ReplaceAPI:36 - 3
2018-08-18 19:48:45 INFO  EnrollAPI:49 - 123
2018-08-18 19:48:45 INFO  EnrollAPI:49 - 124
2018-08-18 19:48:45 INFO  EnrollAPI:49 - 125
2018-08-18 19:48:45 INFO  RevokeAPI:49 - 123
2018-08-18 19:48:45 INFO  RevokeAPI:49 - 124
2018-08-18 19:48:45 INFO  RevokeAPI:49 - 125
2018-08-18 19:48:45 INFO  ReplaceAPI:49 - 123
2018-08-18 19:48:45 INFO  ReplaceAPI:49 - 124
2018-08-18 19:48:45 INFO  ReplaceAPI:49 - 125
2018-08-18 19:53:00 INFO  EnrollAPI:49 - 123
2018-08-18 19:53:00 INFO  EnrollAPI:49 - 124
2018-08-18 19:53:00 INFO  EnrollAPI:49 - 125
2018-08-18 19:53:00 INFO  RevokeAPI:49 - 123
2018-08-18 19:53:00 INFO  RevokeAPI:49 - 124
2018-08-18 19:53:00 INFO  RevokeAPI:49 - 125
2018-08-18 19:53:00 INFO  ReplaceAPI:49 - 123
2018-08-18 19:53:00 INFO  ReplaceAPI:49 - 124
2018-08-18 19:53:00 INFO  ReplaceAPI:49 - 125
2018-08-18 19:54:39 INFO  EnrollAPI:49 - 123
2018-08-18 19:54:39 INFO  EnrollAPI:49 - 124
2018-08-18 19:54:39 INFO  EnrollAPI:49 - 125
2018-08-18 19:54:39 INFO  RevokeAPI:49 - 123
2018-08-18 19:54:39 INFO  RevokeAPI:49 - 124
2018-08-18 19:54:39 INFO  RevokeAPI:49 - 125
2018-08-18 19:54:39 INFO  ReplaceAPI:49 - 123
2018-08-18 19:54:39 INFO  ReplaceAPI:49 - 124
2018-08-18 19:54:39 INFO  ReplaceAPI:49 - 125
2018-08-18 20:06:53 INFO  EnrollAPI:49 - 123
2018-08-18 20:06:53 INFO  EnrollAPI:49 - 124
2018-08-18 20:06:53 INFO  EnrollAPI:49 - 125
2018-08-18 20:06:53 INFO  RevokeAPI:49 - 123
2018-08-18 20:06:53 INFO  RevokeAPI:49 - 124
2018-08-18 20:06:53 INFO  RevokeAPI:49 - 125
2018-08-18 20:06:53 INFO  ReplaceAPI:49 - 123
2018-08-18 20:06:53 INFO  ReplaceAPI:49 - 124
2018-08-18 20:06:53 INFO  ReplaceAPI:49 - 125
2018-08-18 20:13:33 ERROR JsonDataProvider:56 - file json not foundEnrollAPI1.json
2018-08-18 20:13:33 ERROR JsonDataProvider:56 - file json not foundRevokeAPI1.json
2018-08-18 20:13:33 ERROR JsonDataProvider:56 - file json not foundReplaceAPI1.json
2018-08-19 07:09:21 INFO  EnrollAPI:49 - 2
2018-08-19 07:09:21 INFO  EnrollAPI:49 - 3
2018-08-19 07:09:22 INFO  RevokeAPI:49 - 1
2018-08-19 07:09:22 INFO  RevokeAPI:49 - 2
2018-08-19 07:09:22 INFO  RevokeAPI:49 - 3
2018-08-19 07:09:22 INFO  ReplaceAPI:49 - 2
2018-08-19 07:09:22 INFO  ReplaceAPI:49 - 3
2018-08-19 07:24:54 INFO  EnrollAPI:49 - 123.0
2018-08-19 07:24:54 INFO  EnrollAPI:49 - 124.0
2018-08-19 07:24:54 INFO  EnrollAPI:49 - 125.0
2018-08-19 07:24:54 INFO  RevokeAPI:49 - 123.0
2018-08-19 07:24:54 INFO  RevokeAPI:49 - 124.0
2018-08-19 07:24:54 INFO  RevokeAPI:49 - 125.0
2018-08-19 07:24:54 INFO  ReplaceAPI:49 - 123.0
2018-08-19 07:24:54 INFO  ReplaceAPI:49 - 124.0
2018-08-19 07:24:54 INFO  ReplaceAPI:49 - 125.0
2018-08-19 07:27:38 INFO  EnrollAPI:49 - 123
2018-08-19 07:27:38 INFO  EnrollAPI:49 - 124
2018-08-19 07:27:38 INFO  EnrollAPI:49 - 125
2018-08-19 07:27:39 INFO  RevokeAPI:49 - 123
2018-08-19 07:27:39 INFO  RevokeAPI:49 - 124
2018-08-19 07:27:39 INFO  RevokeAPI:49 - 125
2018-08-19 07:27:39 INFO  ReplaceAPI:49 - 123
2018-08-19 07:27:39 INFO  ReplaceAPI:49 - 124
2018-08-19 07:27:39 INFO  ReplaceAPI:49 - 125
2018-08-19 07:49:19 INFO  EnrollAPI:49 - 123
2018-08-19 07:49:19 INFO  EnrollAPI:49 - 124
2018-08-19 07:49:19 INFO  EnrollAPI:49 - 125
2018-08-19 07:49:19 INFO  RevokeAPI:49 - 123
2018-08-19 07:49:19 INFO  RevokeAPI:49 - 124
2018-08-19 07:49:19 INFO  RevokeAPI:49 - 125
2018-08-19 07:49:19 INFO  ReplaceAPI:49 - 123
2018-08-19 07:49:19 INFO  ReplaceAPI:49 - 124
2018-08-19 07:49:19 INFO  ReplaceAPI:49 - 125
2018-08-19 07:56:33 INFO  FirstAPI:49 - 123
2018-08-19 07:56:33 INFO  FirstAPI:49 - 124
2018-08-19 07:56:33 INFO  FirstAPI:49 - 125
2018-08-19 07:56:33 INFO  SecondAPI:49 - 123
2018-08-19 07:56:33 INFO  SecondAPI:49 - 124
2018-08-19 07:56:33 INFO  SecondAPI:49 - 125
2018-08-19 07:56:33 INFO  ThirdAPI:49 - 123
2018-08-19 07:56:33 INFO  ThirdAPI:49 - 124
2018-08-19 07:56:33 INFO  ThirdAPI:49 - 125
